Using pre-set license
Built from '2021.3/staging' branch; Version is '2021.3.43f1 (6f9470916942) revision 7312496'; Using compiler version '192829333'; Build Type 'Release'
OS: 'Windows 11  (10.0.22631) 64bit Core' Language: 'ja' Physical Memory: 16217 MB
BatchMode: 1, IsHumanControllingUs: 0, StartBugReporterOnCrash: 0, Is64bit: 1, IsPro: 1

COMMAND LINE ARGUMENTS:
D:\Unity Hub\2021.3.43f1\Editor\Unity.exe
-adb2
-batchMode
-noUpm
-name
AssetImportWorker0
-projectPath
D:/desktop/GitHub/NovelGame/ノベルゲーム
-logFile
Logs/AssetImportWorker0.log
-srvPort
49921
Successfully changed project path to: D:/desktop/GitHub/NovelGame/ノベルゲーム
D:/desktop/GitHub/NovelGame/ノベルゲーム
[UnityMemory] Configuration Parameters - Can be set up in boot.config
    "memorysetup-bucket-allocator-granularity=16"
    "memorysetup-bucket-allocator-bucket-count=8"
    "memorysetup-bucket-allocator-block-size=33554432"
    "memorysetup-bucket-allocator-block-count=8"
    "memorysetup-main-allocator-block-size=16777216"
    "memorysetup-thread-allocator-block-size=16777216"
    "memorysetup-gfx-main-allocator-block-size=16777216"
    "memorysetup-gfx-thread-allocator-block-size=16777216"
    "memorysetup-cache-allocator-block-size=4194304"
    "memorysetup-typetree-allocator-block-size=2097152"
    "memorysetup-profiler-bucket-allocator-granularity=16"
    "memorysetup-profiler-bucket-allocator-bucket-count=8"
    "memorysetup-profiler-bucket-allocator-block-size=33554432"
    "memorysetup-profiler-bucket-allocator-block-count=8"
    "memorysetup-profiler-allocator-block-size=16777216"
    "memorysetup-profiler-editor-allocator-block-size=1048576"
    "memorysetup-temp-allocator-size-main=16777216"
    "memorysetup-job-temp-allocator-block-size=2097152"
    "memorysetup-job-temp-allocator-block-size-background=1048576"
    "memorysetup-job-temp-allocator-reduction-small-platforms=262144"
    "memorysetup-temp-allocator-size-background-worker=32768"
    "memorysetup-temp-allocator-size-job-worker=262144"
    "memorysetup-temp-allocator-size-preload-manager=33554432"
    "memorysetup-temp-allocator-size-nav-mesh-worker=65536"
    "memorysetup-temp-allocator-size-audio-worker=65536"
    "memorysetup-temp-allocator-size-cloud-worker=32768"
    "memorysetup-temp-allocator-size-gi-baking-worker=262144"
    "memorysetup-temp-allocator-size-gfx=262144"
Player connection [15292] Host "[IP] 192.168.56.1 [Port] 0 [Flags] 2 [Guid] 240725559 [EditorId] 240725559 [Version] 1048832 [Id] WindowsEditor(7,MyComputer) [Debug] 1 [PackageName] WindowsEditor [ProjectName] Editor" joined multi-casting on [225.0.0.222:54997]...

Player connection [15292] Host "[IP] 192.168.56.1 [Port] 0 [Flags] 2 [Guid] 240725559 [EditorId] 240725559 [Version] 1048832 [Id] WindowsEditor(7,MyComputer) [Debug] 1 [PackageName] WindowsEditor [ProjectName] Editor" joined alternative multi-casting on [225.0.0.222:34997]...

[Physics::Module] Initialized MultithreadedJobDispatcher with {0} workers.
Refreshing native plugins compatible for Editor in 67.29 ms, found 3 plugins.
Preloading 0 native plugins for Editor in 0.00 ms.
Initialize engine version: 2021.3.43f1 (6f9470916942)
[Subsystems] Discovering subsystems at path D:/Unity Hub/2021.3.43f1/Editor/Data/Resources/UnitySubsystems
[Subsystems] Discovering subsystems at path D:/desktop/GitHub/NovelGame/ノベルゲーム/Assets
GfxDevice: creating device client; threaded=0; jobified=0
Direct3D:
    Version:  Direct3D 11.0 [level 11.1]
    Renderer: NVIDIA GeForce MX250 (ID=0x1d13)
    Vendor:   NVIDIA
    VRAM:     1982 MB
    Driver:   31.0.15.3742
Initialize mono
Mono path[0] = 'D:/Unity Hub/2021.3.43f1/Editor/Data/Managed'
Mono path[1] = 'D:/Unity Hub/2021.3.43f1/Editor/Data/MonoBleedingEdge/lib/mono/unityjit-win32'
Mono config path = 'D:/Unity Hub/2021.3.43f1/Editor/Data/MonoBleedingEdge/etc'
Using monoOptions --debugger-agent=transport=dt_socket,embedding=1,server=y,suspend=n,address=127.0.0.1:56764
Begin MonoManager ReloadAssembly
Registering precompiled unity dll's ...
Register platform support module: D:/Unity Hub/2021.3.43f1/Editor/Data/PlaybackEngines/WebGLSupport/UnityEditor.WebGL.Extensions.dll
Register platform support module: D:/Unity Hub/2021.3.43f1/Editor/Data/PlaybackEngines/AndroidPlayer/UnityEditor.Android.Extensions.dll
Register platform support module: D:/Unity Hub/2021.3.43f1/Editor/Data/PlaybackEngines/iOSSupport/UnityEditor.iOS.Extensions.dll
Register platform support module: D:/Unity Hub/2021.3.43f1/Editor/Data/PlaybackEngines/WindowsStandaloneSupport/UnityEditor.WindowsStandalone.Extensions.dll
Registered in 0.003302 seconds.
Native extension for WindowsStandalone target not found
[usbmuxd] Start listen thread
[usbmuxd] Listen thread started
Native extension for iOS target not found
Native extension for Android target not found
Android Extension - Scanning For ADB Devices 298 ms
Native extension for WebGL target not found
Refreshing native plugins compatible for Editor in 72.85 ms, found 3 plugins.
Preloading 0 native plugins for Editor in 0.00 ms.
Mono: successfully reloaded assembly
- Completed reload, in  1.129 seconds
Domain Reload Profiling:
	ReloadAssembly (1130ms)
		BeginReloadAssembly (142ms)
			ExecutionOrderSort (0ms)
			DisableScriptedObjects (0ms)
			BackupInstance (0ms)
			ReleaseScriptingObjects (0ms)
			CreateAndSetChildDomain (1ms)
		EndReloadAssembly (880ms)
			LoadAssemblies (142ms)
			RebuildTransferFunctionScriptingTraits (0ms)
			SetupTypeCache (143ms)
			ReleaseScriptCaches (0ms)
			RebuildScriptCaches (35ms)
			SetupLoadedEditorAssemblies (658ms)
				LogAssemblyErrors (0ms)
				InitializePlatformSupportModulesInManaged (404ms)
				SetLoadedEditorAssemblies (0ms)
				RefreshPlugins (73ms)
				BeforeProcessingInitializeOnLoad (2ms)
				ProcessInitializeOnLoadAttributes (126ms)
				ProcessInitializeOnLoadMethodAttributes (52ms)
				AfterProcessingInitializeOnLoad (0ms)
				EditorAssembliesLoaded (0ms)
			ExecutionOrderSort2 (0ms)
			AwakeInstancesAfterBackupRestoration (0ms)
Platform modules already initialized, skipping
Registering precompiled user dll's ...
Registered in 0.006284 seconds.
Begin MonoManager ReloadAssembly
Native extension for WindowsStandalone target not found
Native extension for iOS target not found
Native extension for Android target not found
Native extension for WebGL target not found
Refreshing native plugins compatible for Editor in 0.64 ms, found 3 plugins.
Preloading 0 native plugins for Editor in 0.00 ms.
Package Manager log level set to [2]
[Package Manager] Server::EnsureServerProcessIsRunning -- launch failed, reason: Unity was launched with the -noUpm command-line argument
[Package Manager] Cannot connect to Unity Package Manager local server
Mono: successfully reloaded assembly
- Completed reload, in  1.982 seconds
Domain Reload Profiling:
	ReloadAssembly (1983ms)
		BeginReloadAssembly (193ms)
			ExecutionOrderSort (0ms)
			DisableScriptedObjects (7ms)
			BackupInstance (0ms)
			ReleaseScriptingObjects (0ms)
			CreateAndSetChildDomain (29ms)
		EndReloadAssembly (1672ms)
			LoadAssemblies (155ms)
			RebuildTransferFunctionScriptingTraits (0ms)
			SetupTypeCache (408ms)
			ReleaseScriptCaches (1ms)
			RebuildScriptCaches (58ms)
			SetupLoadedEditorAssemblies (1055ms)
				LogAssemblyErrors (0ms)
				InitializePlatformSupportModulesInManaged (34ms)
				SetLoadedEditorAssemblies (1ms)
				RefreshPlugins (1ms)
				BeforeProcessingInitializeOnLoad (68ms)
				ProcessInitializeOnLoadAttributes (921ms)
				ProcessInitializeOnLoadMethodAttributes (28ms)
				AfterProcessingInitializeOnLoad (3ms)
				EditorAssembliesLoaded (0ms)
			ExecutionOrderSort2 (0ms)
			AwakeInstancesAfterBackupRestoration (7ms)
Platform modules already initialized, skipping
========================================================================
Worker process is ready to serve import requests
Launched and connected shader compiler UnityShaderCompiler.exe after 0.26 seconds
Refreshing native plugins compatible for Editor in 0.97 ms, found 3 plugins.
Preloading 0 native plugins for Editor in 0.00 ms.
Unloading 3108 Unused Serialized files (Serialized files now loaded: 0)
Unloading 24 unused Assets / (46.4 KB). Loaded Objects now: 3571.
Memory consumption went from 114.7 MB to 114.6 MB.
Total: 3.939600 ms (FindLiveObjects: 0.259700 ms CreateObjectMapping: 0.188400 ms MarkObjects: 3.378400 ms  DeleteObjects: 0.111700 ms)

AssetImportParameters requested are different than current active one (requested -> active):
  custom:video-decoder-ogg-theora: a1e56fd34408186e4bbccfd4996cb3dc -> 
  custom:container-muxer-webm: aa71ff27fc2769a1b78a27578f13a17b -> 
  custom:container-demuxer-webm: 4f35f7cbe854078d1ac9338744f61a02 -> 
  custom:video-encoder-webm-vp8: eb34c28f22e8b96e1ab97ce403110664 -> 
  custom:CustomObjectIndexerAttribute: bc11b3a6c3213fcdd17b65e7da85e133 -> 
  custom:audio-encoder-webm-vorbis: bf7c407c2cedff20999df2af8eb42d56 -> 
  custom:framework-win-MediaFoundation: 216162199b28c13a410421893ffa2e32 -> 
  custom:SearchIndexIgnoredProperties: e643bd26f0fe6173181afceb89e7c659 -> 
  custom:container-demuxer-ogg: 62fdf1f143b41e24485cea50d1cbac27 -> 
  custom:video-decoder-webm-vp8: 9c59270c3fd7afecdb556c50c9e8de78 -> 
  custom:audio-decoder-ogg-vorbis: bf7c407c2cedff20999df2af8eb42d56 -> 
========================================================================
Received Import Request.
  Time since last request: 277.173110 seconds.
  path: Assets/Image/カミアリヅキ/20241002_121516685_iOS.png
  artifactKey: Guid(fb373276489af0e4289479bff188ec7d) Importer(815301076,1909f56bfc062723c751e8b465ee728b)
Number of updated assets reloaded before import = 0
Start importing Assets/Image/カミアリヅキ/20241002_121516685_iOS.png using Guid(fb373276489af0e4289479bff188ec7d) Importer(815301076,1909f56bfc062723c751e8b465ee728b)  -> (artifact id: 'a6e41d7428fb6c9f532f4313b1e98f80') in 0.163938 seconds 
Number of asset objects unloaded after import = 2
========================================================================
Received Import Request.
  Time since last request: 0.000020 seconds.
  path: Assets/Image/カミアリヅキ/20241002_121937494_iOS.png
  artifactKey: Guid(5175b3db5719dd04fa30b2f01dc7c203) Importer(815301076,1909f56bfc062723c751e8b465ee728b)
Number of updated assets reloaded before import = 0
Start importing Assets/Image/カミアリヅキ/20241002_121937494_iOS.png using Guid(5175b3db5719dd04fa30b2f01dc7c203) Importer(815301076,1909f56bfc062723c751e8b465ee728b)  -> (artifact id: '16978d3c04bc14e3cfec5ebbafe3b1a1') in 0.020513 seconds 
Number of asset objects unloaded after import = 2
========================================================================
Received Import Request.
  Time since last request: 0.000063 seconds.
  path: Assets/Image/カミアリヅキ/20241006_025056585_iOS.png
  artifactKey: Guid(15f2f82b82afcf341b490921eee1fb13) Importer(815301076,1909f56bfc062723c751e8b465ee728b)
Number of updated assets reloaded before import = 0
Start importing Assets/Image/カミアリヅキ/20241006_025056585_iOS.png using Guid(15f2f82b82afcf341b490921eee1fb13) Importer(815301076,1909f56bfc062723c751e8b465ee728b)  -> (artifact id: '2c0d78e62c688fb03bdccbae3f76e18e') in 0.024619 seconds 
Number of asset objects unloaded after import = 2
========================================================================
Received Import Request.
  Time since last request: 0.000025 seconds.
  path: Assets/Image/カミアリヅキ/20241006_043258287_iOS.png
  artifactKey: Guid(c2b243ad3831fe94598b531b454fb5c5) Importer(815301076,1909f56bfc062723c751e8b465ee728b)
Number of updated assets reloaded before import = 0
Start importing Assets/Image/カミアリヅキ/20241006_043258287_iOS.png using Guid(c2b243ad3831fe94598b531b454fb5c5) Importer(815301076,1909f56bfc062723c751e8b465ee728b)  -> (artifact id: 'b3900e6e642d07226f8f07b6287eea91') in 0.023264 seconds 
Number of asset objects unloaded after import = 2
========================================================================
Received Import Request.
  Time since last request: 0.000033 seconds.
  path: Assets/Image/カミアリヅキ
  artifactKey: Guid(de52248c85a3e4b4d83ac6b5ad2ccae0) Importer(815301076,1909f56bfc062723c751e8b465ee728b)
Number of updated assets reloaded before import = 0
Start importing Assets/Image/カミアリヅキ using Guid(de52248c85a3e4b4d83ac6b5ad2ccae0) Importer(815301076,1909f56bfc062723c751e8b465ee728b)  -> (artifact id: 'f7f5af27986a73dedb672561d402e017') in 0.013333 seconds 
Number of asset objects unloaded after import = 0
========================================================================
Received Import Request.
  Time since last request: 0.000014 seconds.
  path: Assets/Image/カミアリヅキ/20241006_005321482_iOS.png
  artifactKey: Guid(3d7ba09e7d46ab4488bc8218b3a9259c) Importer(815301076,1909f56bfc062723c751e8b465ee728b)
Number of updated assets reloaded before import = 0
Start importing Assets/Image/カミアリヅキ/20241006_005321482_iOS.png using Guid(3d7ba09e7d46ab4488bc8218b3a9259c) Importer(815301076,1909f56bfc062723c751e8b465ee728b)  -> (artifact id: '367fbdf92c9ec002fd5b1f59ff8ec980') in 0.020291 seconds 
Number of asset objects unloaded after import = 2
========================================================================
Received Import Request.
  Time since last request: 128.767058 seconds.
  path: Assets/Image/カミアリヅキ/20241002_121801108_iOS.png
  artifactKey: Guid(2c8bfcf6279c5b34ca521f21bd77f3c8) Importer(815301076,1909f56bfc062723c751e8b465ee728b)
Number of updated assets reloaded before import = 0
Start importing Assets/Image/カミアリヅキ/20241002_121801108_iOS.png using Guid(2c8bfcf6279c5b34ca521f21bd77f3c8) Importer(815301076,1909f56bfc062723c751e8b465ee728b)  -> (artifact id: '5867657b68289b1609d6843819144ea8') in 0.027921 seconds 
Number of asset objects unloaded after import = 2
========================================================================
Received Import Request.
  Time since last request: 0.000023 seconds.
  path: Assets/Image/カミアリヅキ/20241002_121937494_iOS.png
  artifactKey: Guid(5175b3db5719dd04fa30b2f01dc7c203) Importer(815301076,1909f56bfc062723c751e8b465ee728b)
Number of updated assets reloaded before import = 0
Start importing Assets/Image/カミアリヅキ/20241002_121937494_iOS.png using Guid(5175b3db5719dd04fa30b2f01dc7c203) Importer(815301076,1909f56bfc062723c751e8b465ee728b)  -> (artifact id: '35b126b5729e3deebb40d366afc578c1') in 0.019043 seconds 
Number of asset objects unloaded after import = 2
========================================================================
Received Import Request.
  Time since last request: 0.000019 seconds.
  path: Assets/Image/カミアリヅキ/20241002_125259143_iOS.png
  artifactKey: Guid(09247071514a6d1479b7d25cf31f98e9) Importer(815301076,1909f56bfc062723c751e8b465ee728b)
Number of updated assets reloaded before import = 0
Start importing Assets/Image/カミアリヅキ/20241002_125259143_iOS.png using Guid(09247071514a6d1479b7d25cf31f98e9) Importer(815301076,1909f56bfc062723c751e8b465ee728b)  -> (artifact id: 'd55a12031f303b077cfb2c4f0684f5f4') in 0.020085 seconds 
Number of asset objects unloaded after import = 2
========================================================================
Received Import Request.
  Time since last request: 0.000038 seconds.
  path: Assets/Image/カミアリヅキ/20241006_025056585_iOS.png
  artifactKey: Guid(15f2f82b82afcf341b490921eee1fb13) Importer(815301076,1909f56bfc062723c751e8b465ee728b)
Number of updated assets reloaded before import = 0
Start importing Assets/Image/カミアリヅキ/20241006_025056585_iOS.png using Guid(15f2f82b82afcf341b490921eee1fb13) Importer(815301076,1909f56bfc062723c751e8b465ee728b)  -> (artifact id: '7756af23167d8dde6b2de7cde773879b') in 0.020989 seconds 
Number of asset objects unloaded after import = 2
========================================================================
Received Import Request.
  Time since last request: 0.000017 seconds.
  path: Assets/Image/カミアリヅキ/20241006_043258287_iOS.png
  artifactKey: Guid(c2b243ad3831fe94598b531b454fb5c5) Importer(815301076,1909f56bfc062723c751e8b465ee728b)
Number of updated assets reloaded before import = 0
Start importing Assets/Image/カミアリヅキ/20241006_043258287_iOS.png using Guid(c2b243ad3831fe94598b531b454fb5c5) Importer(815301076,1909f56bfc062723c751e8b465ee728b)  -> (artifact id: '7721d625ec540d3f392b3851c29437bb') in 0.019818 seconds 
Number of asset objects unloaded after import = 2
========================================================================
Received Import Request.
  Time since last request: 0.000034 seconds.
  path: Assets/Image/カミアリヅキ/20241006_005321482_iOS.png
  artifactKey: Guid(3d7ba09e7d46ab4488bc8218b3a9259c) Importer(815301076,1909f56bfc062723c751e8b465ee728b)
Number of updated assets reloaded before import = 0
Start importing Assets/Image/カミアリヅキ/20241006_005321482_iOS.png using Guid(3d7ba09e7d46ab4488bc8218b3a9259c) Importer(815301076,1909f56bfc062723c751e8b465ee728b)  -> (artifact id: '9942dbeea5cb87a56397dd1e70d9e79b') in 0.018689 seconds 
Number of asset objects unloaded after import = 2
========================================================================
Received Import Request.
  Time since last request: 33.027594 seconds.
  path: Assets/Image/カミアリヅキ/20241002_121937494_iOS.png
  artifactKey: Guid(5175b3db5719dd04fa30b2f01dc7c203) Importer(815301076,1909f56bfc062723c751e8b465ee728b)
Number of updated assets reloaded before import = 0
Start importing Assets/Image/カミアリヅキ/20241002_121937494_iOS.png using Guid(5175b3db5719dd04fa30b2f01dc7c203) Importer(815301076,1909f56bfc062723c751e8b465ee728b)  -> (artifact id: '5d74b690cc681e8731cdc94283ffc760') in 0.418845 seconds 
Number of asset objects unloaded after import = 3
========================================================================
Received Import Request.
  Time since last request: 0.000032 seconds.
  path: Assets/Image/カミアリヅキ/20241006_043829672_iOS.jpg
  artifactKey: Guid(f0267557f80060a4789c8c401cbe8713) Importer(815301076,1909f56bfc062723c751e8b465ee728b)
Number of updated assets reloaded before import = 0
Start importing Assets/Image/カミアリヅキ/20241006_043829672_iOS.jpg using Guid(f0267557f80060a4789c8c401cbe8713) Importer(815301076,1909f56bfc062723c751e8b465ee728b)  -> (artifact id: '8a5d67760cde79eb00b96470eddf9b07') in 0.213164 seconds 
Number of asset objects unloaded after import = 3
========================================================================
Received Import Request.
  Time since last request: 0.000031 seconds.
  path: Assets/Image/カミアリヅキ/20241006_043258287_iOS.png
  artifactKey: Guid(c2b243ad3831fe94598b531b454fb5c5) Importer(815301076,1909f56bfc062723c751e8b465ee728b)
Number of updated assets reloaded before import = 0
Start importing Assets/Image/カミアリヅキ/20241006_043258287_iOS.png using Guid(c2b243ad3831fe94598b531b454fb5c5) Importer(815301076,1909f56bfc062723c751e8b465ee728b)  -> (artifact id: 'd33bf76899960aef5aeac7126ad2d7f3') in 0.248816 seconds 
Number of asset objects unloaded after import = 3
Editor requested this worker to shutdown with reason: Scaling down because of idle timeout
AssetImportWorker is now disconnected from the server
Process exiting
Exiting without the bug reporter. Application will terminate with return code 0